<?xml version="1.0" encoding="UTF-8"?>
<!-- Generated by org.testng.reporters.JUnitXMLReporter -->
<testsuite ignored="0" hostname="LAPTOP-5BVM6AHB" failures="0" tests="2" name="Default test(failed)" time="8.17" errors="0" timestamp="2023-06-11T10:10:28 EDT">
  <testcase classname="TestLayer.SignInTest" name="@BeforeMethod initsetup" time="6.771">
    <failure type="java.lang.NullPointerException" message="Cannot invoke &amp;quot;org.openqa.selenium.WebElement.click()&amp;quot; because &amp;quot;this.CreateAccbtn&amp;quot; is null">
      <![CDATA[java.lang.NullPointerException: Cannot invoke "org.openqa.selenium.WebElement.click()" because "this.CreateAccbtn" is null
at pompackage.PomSignIn.clickbtn1(PomSignIn.java:45)
at TestLayer.SignInTest.initsetup(SignInTest.java:31)
at java.base/java.util.ArrayList.forEach(ArrayList.java:1511)
... Removed 31 stack frames]]>
    </failure>
  </testcase> <!-- @BeforeMethod initsetup -->
  <testcase classname="TestLayer.SignInTest" name="@BeforeMethod initsetup" time="0.0">
    <skipped/>
  </testcase> <!-- @BeforeMethod initsetup -->
  <testcase classname="TestLayer.SignInTest" name="Title" time="0.001">
    <skipped/>
  </testcase> <!-- Title -->
  <testcase classname="TestLayer.SignInTest" name="SignInTest1" time="0.0">
    <skipped/>
  </testcase> <!-- SignInTest1 -->
</testsuite> <!-- Default test(failed) -->
